{"numFailedTestSuites":0,"numFailedTests":0,"numPassedTestSuites":2,"numPassedTests":2,"numPendingTestSuites":0,"numPendingTests":0,"numRuntimeErrorTestSuites":0,"numTodoTests":0,"numTotalTestSuites":2,"numTotalTests":2,"openHandles":[],"snapshot":{"added":0,"didUpdate":false,"failure":false,"filesAdded":0,"filesRemoved":0,"filesRemovedList":[],"filesUnmatched":0,"filesUpdated":0,"matched":0,"total":0,"unchecked":0,"uncheckedKeysByFile":[],"unmatched":0,"updated":0},"startTime":1759026730819,"success":true,"testResults":[{"assertionResults":[{"ancestorTitles":["renderTextToPngBytes"],"duration":29,"failureDetails":[],"failureMessages":[],"fullName":"renderTextToPngBytes creates png bytes","invocations":1,"location":null,"numPassingAsserts":2,"retryReasons":[],"status":"passed","title":"creates png bytes"}],"endTime":1759026731194,"message":"","name":"/home/kit/projects/github/ipa-answer-sheet-disclosure/tests/unit/render.spec.js","startTime":1759026730842,"status":"passed","summary":""},{"assertionResults":[{"ancestorTitles":["renderTextToPngBytes wrap/shrink"],"duration":6,"failureDetails":[],"failureMessages":[],"fullName":"renderTextToPngBytes wrap/shrink returns ArrayBuffer for long text with maxWidth and maxLines","invocations":1,"location":null,"numPassingAsserts":2,"retryReasons":[],"status":"passed","title":"returns ArrayBuffer for long text with maxWidth and maxLines"}],"endTime":1759026731280,"message":"","name":"/home/kit/projects/github/ipa-answer-sheet-disclosure/tests/unit/render-wrap.spec.js","startTime":1759026731197,"status":"passed","summary":""}],"wasInterrupted":false}
